20:49:58 INFO  [Program]: Initializing and connecting to AWS...
20:52:13 INFO  [Program]: Initializing and connecting to AWS...
20:52:14 DEBUG [FileIndexer]: Filesystem map creation requested, loading files in path 'Files'...
20:52:14 DEBUG [FileIndexer]: Indexing complete with 0 entries.
20:52:14 DEBUG [S3Indexer]: Checking for index.mhash...
20:52:46 INFO  [Program]: Initializing and connecting to AWS...
20:52:46 DEBUG [FileIndexer]: Filesystem map creation requested, loading files in path 'Files'...
20:52:46 DEBUG [FileIndexer]: Indexing complete with 0 entries.
20:52:46 DEBUG [S3Indexer]: Checking for index.mhash...
20:52:47 DEBUG [S3Indexer]: Downloading all files to build a hash.
20:54:32 INFO  [Program]: Initializing and connecting to AWS...
20:54:32 DEBUG [FileIndexer]: Filesystem map creation requested, loading files in path 'Files'...
20:54:32 DEBUG [FileIndexer]: Indexing complete with 0 entries.
20:54:32 DEBUG [S3Indexer]: Checking for index.mhash...
20:54:35 DEBUG [S3Indexer]: Downloading all files to build a hash.
20:54:37 DEBUG [S3Indexer]: 2 objects.
21:07:09 INFO  [Program]: Initializing and connecting to AWS...
21:07:09 DEBUG [FileIndexer]: Filesystem map creation requested, loading files in path 'Files'...
21:07:09 DEBUG [FileIndexer]: Indexing complete with 0 entries.
21:07:09 DEBUG [S3Indexer]: Checking for index.mhash...
21:07:10 DEBUG [S3Indexer]: Downloading all files to build a hash.
21:08:47 INFO  [Program]: Initializing and connecting to AWS...
21:08:47 DEBUG [FileIndexer]: Filesystem map creation requested, loading files in path 'Files'...
21:08:47 DEBUG [FileIndexer]: Indexing complete with 0 entries.
21:08:47 DEBUG [S3Indexer]: Checking for index.mhash...
21:08:51 DEBUG [S3Indexer]: Downloading all files to build a hash.
21:09:56 INFO  [Program]: Initializing and connecting to AWS...
21:09:56 DEBUG [FileIndexer]: Filesystem map creation requested, loading files in path 'Files'...
21:09:56 DEBUG [FileIndexer]: Indexing complete with 0 entries.
21:09:56 DEBUG [S3Indexer]: Checking for index.mhash...
21:09:57 DEBUG [S3Indexer]: Downloading all files to build a hash.
21:10:18 INFO  [Program]: Initializing and connecting to AWS...
21:10:18 DEBUG [FileIndexer]: Filesystem map creation requested, loading files in path 'Files'...
21:10:18 DEBUG [FileIndexer]: Indexing complete with 0 entries.
21:10:18 DEBUG [S3Indexer]: Checking for index.mhash...
21:10:19 DEBUG [S3Indexer]: Downloading all files to build a hash.
21:10:19 DEBUG [S3Indexer]: Downloading file GameDistro/GameDistro_$folder$
21:10:19 DEBUG [S3Indexer]: Downloading file GameDistro/MatrixMaster.exe
21:10:20 DEBUG [S3Indexer]: All files downloaded.
21:15:15 INFO  [Program]: Initializing and connecting to AWS...
21:15:15 DEBUG [FileIndexer]: Filesystem map creation requested, loading files in path 'Files'...
21:15:15 DEBUG [FileIndexer]: Indexing complete with 0 entries.
21:15:22 DEBUG [S3Indexer]: Checking for index.mhash...
21:15:22 DEBUG [S3Indexer]: Downloading all files to build a hash.
21:15:23 DEBUG [S3Indexer]: Downloading file GameDistro/MatrixMaster.exe
21:15:23 DEBUG [S3Indexer]: All files downloaded, hashing files...
21:15:23 DEBUG [FileIndexer]: Filesystem map creation requested, loading files in path 'S3Tmp/GameDistro/'...
21:17:18 INFO  [Program]: Initializing and connecting to AWS...
21:17:18 DEBUG [FileIndexer]: Filesystem map creation requested, loading files in path 'Files'...
21:17:18 DEBUG [FileIndexer]: Indexing complete with 0 entries.
21:17:21 DEBUG [S3Indexer]: Checking for index.mhash...
21:17:21 DEBUG [S3Indexer]: Downloading all files to build a hash.
21:17:22 DEBUG [S3Indexer]: Downloading file GameDistro/MatrixMaster.exe
21:17:22 DEBUG [S3Indexer]: All files downloaded, hashing files...
21:17:22 DEBUG [FileIndexer]: Filesystem map creation requested, loading files in path 'S3Tmp/GameDistro/'...
21:18:04 INFO  [Program]: Initializing and connecting to AWS...
21:18:04 DEBUG [FileIndexer]: Filesystem map creation requested, loading files in path 'Files'...
21:18:04 DEBUG [FileIndexer]: Indexing complete with 0 entries.
21:18:06 DEBUG [S3Indexer]: Checking for index.mhash...
21:18:10 DEBUG [S3Indexer]: Downloading all files to build a hash.
21:18:11 DEBUG [S3Indexer]: Downloading file GameDistro/MatrixMaster.exe
21:18:13 DEBUG [S3Indexer]: All files downloaded, hashing files...
21:18:13 DEBUG [FileIndexer]: Filesystem map creation requested, loading files in path 'S3Tmp/GameDistro/'...
21:18:13 DEBUG [FileIndexer]: Indexing complete with 1 entries.
21:18:26 DEBUG [S3Indexer]: All files hashed.
21:22:32 INFO  [Program]: Initializing and connecting to AWS...
21:22:32 DEBUG [FileIndexer]: Filesystem map creation requested, loading files in path 'Files'...
21:22:32 DEBUG [FileIndexer]: Indexing complete with 0 entries.
21:22:36 DEBUG [S3Indexer]: Checking for index.mhash...
21:22:36 DEBUG [S3Indexer]: Downloading all files to build a hash.
21:22:37 DEBUG [S3Indexer]: Downloading file GameDistro/MatrixMaster.exe
21:22:37 DEBUG [S3Indexer]: All files downloaded, hashing files...
21:22:37 DEBUG [FileIndexer]: Filesystem map creation requested, loading files in path 'S3Tmp/GameDistro/'...
21:22:37 DEBUG [FileIndexer]: Indexing complete with 1 entries.
21:22:37 DEBUG [S3Indexer]: All files hashed, serializing and uploading hash file...
21:22:37 DEBUG [S3Indexer]: Finished uploading new hash file!
21:23:14 INFO  [Program]: Initializing and connecting to AWS...
21:23:14 DEBUG [FileIndexer]: Filesystem map creation requested, loading files in path 'Files'...
21:23:14 DEBUG [FileIndexer]: Indexing complete with 0 entries.
21:23:14 DEBUG [S3Indexer]: Checking for index.mhash...
21:23:17 DEBUG [S3Indexer]: Downloading all files to build a hash.
21:23:18 DEBUG [S3Indexer]: Downloading file GameDistro/MatrixMaster.exe
21:23:18 DEBUG [S3Indexer]: Downloading file GameDistro/index.mhash
21:23:18 DEBUG [S3Indexer]: All files downloaded, hashing files...
21:23:18 DEBUG [FileIndexer]: Filesystem map creation requested, loading files in path 'S3Tmp/GameDistro/'...
21:23:18 DEBUG [FileIndexer]: Indexing complete with 2 entries.
21:23:18 DEBUG [S3Indexer]: All files hashed, serializing and uploading hash file...
21:23:19 DEBUG [S3Indexer]: Finished uploading new hash file!
21:23:33 INFO  [Program]: Initializing and connecting to AWS...
21:23:33 DEBUG [FileIndexer]: Filesystem map creation requested, loading files in path 'Files'...
21:23:33 DEBUG [FileIndexer]: Indexing complete with 0 entries.
21:23:33 DEBUG [S3Indexer]: Checking for index.mhash...
21:24:00 INFO  [Program]: Initializing and connecting to AWS...
21:24:01 DEBUG [FileIndexer]: Filesystem map creation requested, loading files in path 'Files'...
21:24:01 DEBUG [FileIndexer]: Indexing complete with 0 entries.
21:24:01 DEBUG [S3Indexer]: Checking for index.mhash...
21:24:01 DEBUG [S3Indexer]: Hash file found, deserializing!
21:24:53 INFO  [Program]: Initializing and connecting to AWS...
21:24:53 DEBUG [FileIndexer]: Filesystem map creation requested, loading files in path 'Files'...
21:24:53 DEBUG [FileIndexer]: Indexing complete with 0 entries.
21:24:53 DEBUG [S3Indexer]: Checking for index.mhash...
21:24:54 DEBUG [S3Indexer]: Hash file found, deserializing!
21:24:54 DEBUG [S3Indexer]: Index deserialized, files: 2
21:32:00 INFO  [Program]: Initializing and connecting to AWS...
21:32:00 DEBUG [FileIndexer]: Filesystem map creation requested, loading files in path 'Files'...
21:32:00 DEBUG [FileIndexer]: Indexing complete with 0 entries.
21:32:00 DEBUG [S3Indexer]: Checking for index.mhash...
21:32:01 DEBUG [S3Indexer]: Hash file found, deserializing!
21:32:01 DEBUG [S3Indexer]: Index deserialized, files: 2
21:32:01 INFO  [Program]: Comparing local index and remote index.
21:33:45 INFO  [Program]: Initializing and connecting to AWS...
21:33:45 DEBUG [FileIndexer]: Filesystem map creation requested, loading files in path 'Files'...
21:33:45 DEBUG [FileIndexer]: Indexing complete with 1 entries.
21:33:45 DEBUG [S3Indexer]: Checking for index.mhash...
21:33:46 DEBUG [S3Indexer]: Hash file found, deserializing!
21:33:46 DEBUG [S3Indexer]: Index deserialized, files: 2
21:33:46 INFO  [Program]: Comparing local index and remote index.
21:35:59 INFO  [Program]: Initializing and connecting to AWS...
21:35:59 DEBUG [FileIndexer]: Filesystem map creation requested, loading files in path 'Files'...
21:35:59 DEBUG [FileIndexer]: Indexing complete with 1 entries.
21:35:59 DEBUG [S3Indexer]: Checking for index.mhash...
21:36:00 DEBUG [S3Indexer]: Hash file found, deserializing!
21:36:00 DEBUG [S3Indexer]: Index deserialized, files: 2
21:36:00 INFO  [Program]: Comparing local index and remote index.
21:37:32 INFO  [Program]: Initializing and connecting to AWS...
21:37:32 DEBUG [FileIndexer]: Filesystem map creation requested, loading files in path 'Files'...
21:37:32 DEBUG [FileIndexer]: Indexing complete with 1 entries.
21:37:32 DEBUG [S3Indexer]: Checking for index.mhash...
21:37:33 DEBUG [S3Indexer]: Hash file found, deserializing!
21:37:33 DEBUG [S3Indexer]: Index deserialized, files: 2
21:37:33 INFO  [Program]: Comparing local index and remote index.
21:37:47 INFO  [Program]: Initializing and connecting to AWS...
21:37:47 DEBUG [FileIndexer]: Filesystem map creation requested, loading files in path 'Files'...
21:37:47 DEBUG [FileIndexer]: Indexing complete with 1 entries.
21:37:47 DEBUG [S3Indexer]: Checking for index.mhash...
21:37:48 DEBUG [S3Indexer]: Downloading all files to build a hash.
21:37:49 DEBUG [S3Indexer]: Downloading file GameDistro/MatrixMaster.exe
21:37:49 DEBUG [S3Indexer]: All files downloaded, hashing files...
21:37:49 DEBUG [FileIndexer]: Filesystem map creation requested, loading files in path 'S3Tmp/GameDistro/'...
21:37:49 DEBUG [FileIndexer]: Indexing complete with 1 entries.
21:37:49 DEBUG [S3Indexer]: All files hashed, serializing and uploading hash file...
21:37:50 DEBUG [S3Indexer]: Finished uploading new hash file!
21:37:50 INFO  [Program]: Comparing local index and remote index.
21:51:07 INFO  [Program]: Initializing and connecting to AWS...
21:51:07 DEBUG [FileIndexer]: Filesystem map creation requested, loading files in path 'Files'...
21:51:07 DEBUG [FileIndexer]: Indexing complete with 1 entries.
21:51:07 DEBUG [S3Indexer]: Checking for index.mhash...
21:51:08 DEBUG [S3Indexer]: Hash file found, deserializing!
21:51:08 DEBUG [S3Indexer]: Index deserialized, files: 1
21:51:08 INFO  [Program]: Comparing local index and remote index.
21:51:08 DEBUG [Program]: Deleting file MatrixMaster.exe
21:51:08 DEBUG [Program]: Uploading file \MatrixMaster.exe
21:53:02 INFO  [Program]: Initializing and connecting to AWS...
21:53:02 DEBUG [FileIndexer]: Filesystem map creation requested, loading files in path 'Files'...
21:53:02 DEBUG [FileIndexer]: Indexing complete with 1 entries.
21:53:02 DEBUG [S3Indexer]: Checking for index.mhash...
21:53:03 DEBUG [S3Indexer]: Hash file found, deserializing!
21:53:03 DEBUG [S3Indexer]: Index deserialized, files: 1
21:53:03 INFO  [Program]: Comparing local index and remote index.
21:53:03 INFO  [Program]: Re-indexing files...
21:53:03 INFO  [Program]: Done!
21:53:24 INFO  [Program]: Initializing and connecting to AWS...
21:53:24 DEBUG [FileIndexer]: Filesystem map creation requested, loading files in path 'Files'...
21:53:24 DEBUG [FileIndexer]: Indexing complete with 2 entries.
21:53:24 DEBUG [S3Indexer]: Checking for index.mhash...
21:53:25 DEBUG [S3Indexer]: Hash file found, deserializing!
21:53:25 DEBUG [S3Indexer]: Index deserialized, files: 1
21:53:25 INFO  [Program]: Comparing local index and remote index.
21:53:25 DEBUG [Program]: Uploading file credentials.csv
21:53:25 INFO  [Program]: Re-indexing files...
21:53:25 INFO  [Program]: Done!
21:53:38 INFO  [Program]: Initializing and connecting to AWS...
21:53:38 DEBUG [FileIndexer]: Filesystem map creation requested, loading files in path 'Files'...
21:53:38 DEBUG [FileIndexer]: Indexing complete with 2 entries.
21:53:38 DEBUG [S3Indexer]: Checking for index.mhash...
21:53:38 DEBUG [S3Indexer]: Hash file found, deserializing!
21:53:38 DEBUG [S3Indexer]: Index deserialized, files: 2
21:53:38 INFO  [Program]: Comparing local index and remote index.
21:53:38 INFO  [Program]: Re-indexing files...
21:53:38 INFO  [Program]: Done!
